I, [2019-09-25T10:26:58.052732 #29099]  INFO -- Kitchen: -----> Starting Kitchen (v2.2.5)
I, [2019-09-25T10:26:58.971653 #29099]  INFO -- Kitchen: -----> Cleaning up any prior instances of <test-vagrant-1804>
I, [2019-09-25T10:26:58.972099 #29099]  INFO -- Kitchen: -----> Cleaning up any prior instances of <test-ubuntu-1804>
I, [2019-09-25T10:26:58.971879 #29099]  INFO -- Kitchen: -----> Cleaning up any prior instances of <test-vagrant-1404>
I, [2019-09-25T10:26:58.972545 #29099]  INFO -- Kitchen: -----> Destroying <test-ubuntu-1804>...
I, [2019-09-25T10:26:58.972684 #29099]  INFO -- Kitchen: -----> Destroying <test-vagrant-1404>...
I, [2019-09-25T10:26:58.973450 #29099]  INFO -- Kitchen: -----> Testing <test-vagrant-1404>
I, [2019-09-25T10:26:58.973551 #29099]  INFO -- Kitchen: -----> Creating <test-vagrant-1404>...
I, [2019-09-25T10:26:58.971784 #29099]  INFO -- Kitchen: -----> Cleaning up any prior instances of <test-vagrant-1604>
I, [2019-09-25T10:26:58.980598 #29099]  INFO -- Kitchen: -----> Destroying <test-vagrant-1804>...
I, [2019-09-25T10:26:58.981715 #29099]  INFO -- Kitchen: -----> Destroying <test-vagrant-1604>...
I, [2019-09-25T10:28:02.733827 #29099]  INFO -- Kitchen: -----> Testing <test-vagrant-1604>
I, [2019-09-25T10:28:02.733948 #29099]  INFO -- Kitchen: -----> Creating <test-vagrant-1604>...
I, [2019-09-25T10:28:02.743792 #29099]  INFO -- Kitchen: -----> Converging <test-vagrant-1404>...
I, [2019-09-25T10:28:02.744185 #29099]  INFO -- Kitchen: -----> Testing <test-ubuntu-1804>
I, [2019-09-25T10:28:02.744456 #29099]  INFO -- Kitchen: -----> Testing <test-vagrant-1804>
I, [2019-09-25T10:28:02.744591 #29099]  INFO -- Kitchen: -----> Creating <test-vagrant-1804>...
I, [2019-09-25T10:28:02.744785 #29099]  INFO -- Kitchen: -----> Creating <test-ubuntu-1804>...
I, [2019-09-25T10:29:12.526642 #29099]  INFO -- Kitchen: -----> Converging <test-vagrant-1604>...
I, [2019-09-25T10:30:10.032188 #29099]  INFO -- Kitchen: -----> Setting up <test-vagrant-1404>...
I, [2019-09-25T10:30:10.060071 #29099]  INFO -- Kitchen: -----> Verifying <test-vagrant-1404>...
I, [2019-09-25T10:30:10.063135 #29099]  INFO -- Kitchen: -----> Destroying <test-vagrant-1404>...
I, [2019-09-25T10:30:37.439076 #29099]  INFO -- Kitchen: -----> Converging <test-vagrant-1804>...
I, [2019-09-25T10:31:47.768988 #29099]  INFO -- Kitchen: -----> Converging <test-ubuntu-1804>...
I, [2019-09-25T10:31:57.763793 #29099]  INFO -- Kitchen: -----> Cleaning up any prior instances of <test-no-cookbook-gems-vagrant-1804>
I, [2019-09-25T10:31:57.764110 #29099]  INFO -- Kitchen: -----> Destroying <test-no-cookbook-gems-vagrant-1804>...
I, [2019-09-25T10:31:57.764841 #29099]  INFO -- Kitchen: -----> Testing <test-no-cookbook-gems-vagrant-1804>
I, [2019-09-25T10:31:57.765012 #29099]  INFO -- Kitchen: -----> Creating <test-no-cookbook-gems-vagrant-1804>...
I, [2019-09-25T10:33:21.127283 #29099]  INFO -- Kitchen: -----> Converging <test-no-cookbook-gems-vagrant-1804>...
I, [2019-09-25T10:34:21.089692 #29099]  INFO -- Kitchen: -----> Setting up <test-vagrant-1604>...
I, [2019-09-25T10:34:21.100521 #29099]  INFO -- Kitchen: -----> Verifying <test-vagrant-1604>...
I, [2019-09-25T10:34:21.105405 #29099]  INFO -- Kitchen: -----> Destroying <test-vagrant-1604>...
I, [2019-09-25T10:34:30.095447 #29099]  INFO -- Kitchen: -----> Cleaning up any prior instances of <test-no-cookbook-gems-vagrant-1604>
I, [2019-09-25T10:34:30.095592 #29099]  INFO -- Kitchen: -----> Destroying <test-no-cookbook-gems-vagrant-1604>...
I, [2019-09-25T10:34:30.096114 #29099]  INFO -- Kitchen: -----> Testing <test-no-cookbook-gems-vagrant-1604>
I, [2019-09-25T10:34:30.096217 #29099]  INFO -- Kitchen: -----> Creating <test-no-cookbook-gems-vagrant-1604>...
I, [2019-09-25T10:34:41.803307 #29099]  INFO -- Kitchen: -----> Destroying <test-ubuntu-1804>...
I, [2019-09-25T10:35:38.645758 #29099]  INFO -- Kitchen: -----> Converging <test-no-cookbook-gems-vagrant-1604>...
I, [2019-09-25T10:35:46.681999 #29099]  INFO -- Kitchen: -----> Cleaning up any prior instances of <test-no-cookbook-gems-vagrant-1404>
I, [2019-09-25T10:35:46.682201 #29099]  INFO -- Kitchen: -----> Destroying <test-no-cookbook-gems-vagrant-1404>...
I, [2019-09-25T10:35:46.682806 #29099]  INFO -- Kitchen: -----> Testing <test-no-cookbook-gems-vagrant-1404>
I, [2019-09-25T10:35:46.682908 #29099]  INFO -- Kitchen: -----> Creating <test-no-cookbook-gems-vagrant-1404>...
I, [2019-09-25T10:36:50.043520 #29099]  INFO -- Kitchen: -----> Converging <test-no-cookbook-gems-vagrant-1404>...
I, [2019-09-25T10:38:20.503891 #29099]  INFO -- Kitchen: -----> Setting up <test-no-cookbook-gems-vagrant-1404>...
I, [2019-09-25T10:38:20.505888 #29099]  INFO -- Kitchen: -----> Verifying <test-no-cookbook-gems-vagrant-1404>...
I, [2019-09-25T10:38:20.508333 #29099]  INFO -- Kitchen: -----> Destroying <test-no-cookbook-gems-vagrant-1404>...
I, [2019-09-25T10:38:21.998627 #29099]  INFO -- Kitchen: -----> Setting up <test-no-cookbook-gems-vagrant-1604>...
I, [2019-09-25T10:38:22.001993 #29099]  INFO -- Kitchen: -----> Verifying <test-no-cookbook-gems-vagrant-1604>...
I, [2019-09-25T10:38:22.008764 #29099]  INFO -- Kitchen: -----> Destroying <test-no-cookbook-gems-vagrant-1604>...
I, [2019-09-25T10:38:27.729136 #29099]  INFO -- Kitchen: -----> Cleaning up any prior instances of <test-no-cookbook-gems-ubuntu-1804>
I, [2019-09-25T10:38:27.730125 #29099]  INFO -- Kitchen: -----> Destroying <test-no-cookbook-gems-ubuntu-1804>...
I, [2019-09-25T10:38:35.117162 #29099]  INFO -- Kitchen: -----> Testing <test-no-cookbook-gems-ubuntu-1804>
I, [2019-09-25T10:38:35.117314 #29099]  INFO -- Kitchen: -----> Creating <test-no-cookbook-gems-ubuntu-1804>...
I, [2019-09-25T10:39:07.924049 #29099]  INFO -- Kitchen: -----> Destroying <test-vagrant-1804>...
I, [2019-09-25T10:39:44.104603 #29099]  INFO -- Kitchen: -----> Converging <test-no-cookbook-gems-ubuntu-1804>...
I, [2019-09-25T10:43:02.119343 #29099]  INFO -- Kitchen: -----> Setting up <test-no-cookbook-gems-vagrant-1804>...
I, [2019-09-25T10:43:02.129964 #29099]  INFO -- Kitchen: -----> Verifying <test-no-cookbook-gems-vagrant-1804>...
I, [2019-09-25T10:43:02.131785 #29099]  INFO -- Kitchen: -----> Destroying <test-no-cookbook-gems-vagrant-1804>...
I, [2019-09-25T10:44:28.223740 #29099]  INFO -- Kitchen: -----> Setting up <test-no-cookbook-gems-ubuntu-1804>...
I, [2019-09-25T10:44:28.241386 #29099]  INFO -- Kitchen: -----> Verifying <test-no-cookbook-gems-ubuntu-1804>...
I, [2019-09-25T10:44:28.243941 #29099]  INFO -- Kitchen: -----> Destroying <test-no-cookbook-gems-ubuntu-1804>...
E, [2019-09-25T10:44:36.178420 #29099] ERROR -- Kitchen: ------Exception-------
E, [2019-09-25T10:44:36.178508 #29099] ERROR -- Kitchen: Class: Kitchen::ActionFailed
E, [2019-09-25T10:44:36.178548 #29099] ERROR -- Kitchen: Message: 2 actions failed.
>>>>>>     Converge failed on instance <test-ubuntu-1804>.  Please see .kitchen/logs/test-ubuntu-1804.log for more details
>>>>>>     Converge failed on instance <test-vagrant-1804>.  Please see .kitchen/logs/test-vagrant-1804.log for more details
E, [2019-09-25T10:44:36.178577 #29099] ERROR -- Kitchen: ----------------------
E, [2019-09-25T10:44:36.178603 #29099] ERROR -- Kitchen: ------Backtrace-------
E, [2019-09-25T10:44:36.178634 #29099] ERROR -- Kitchen: /opt/chefdk/embedded/lib/ruby/gems/2.6.0/gems/test-kitchen-2.2.5/lib/kitchen/command.rb:183:in `report_errors'
E, [2019-09-25T10:44:36.178664 #29099] ERROR -- Kitchen: /opt/chefdk/embedded/lib/ruby/gems/2.6.0/gems/test-kitchen-2.2.5/lib/kitchen/command.rb:174:in `run_action'
E, [2019-09-25T10:44:36.178689 #29099] ERROR -- Kitchen: /opt/chefdk/embedded/lib/ruby/gems/2.6.0/gems/test-kitchen-2.2.5/lib/kitchen/command/test.rb:42:in `block in call'
E, [2019-09-25T10:44:36.178715 #29099] ERROR -- Kitchen: /opt/chefdk/embedded/lib/ruby/2.6.0/benchmark.rb:293:in `measure'
E, [2019-09-25T10:44:36.178739 #29099] ERROR -- Kitchen: /opt/chefdk/embedded/lib/ruby/gems/2.6.0/gems/test-kitchen-2.2.5/lib/kitchen/command/test.rb:38:in `call'
E, [2019-09-25T10:44:36.178765 #29099] ERROR -- Kitchen: /opt/chefdk/embedded/lib/ruby/gems/2.6.0/gems/test-kitchen-2.2.5/lib/kitchen/cli.rb:52:in `perform'
E, [2019-09-25T10:44:36.178805 #29099] ERROR -- Kitchen: /opt/chefdk/embedded/lib/ruby/gems/2.6.0/gems/test-kitchen-2.2.5/lib/kitchen/cli.rb:245:in `test'
E, [2019-09-25T10:44:36.178833 #29099] ERROR -- Kitchen: /opt/chefdk/embedded/lib/ruby/gems/2.6.0/gems/thor-0.20.3/lib/thor/command.rb:27:in `run'
E, [2019-09-25T10:44:36.178866 #29099] ERROR -- Kitchen: /opt/chefdk/embedded/lib/ruby/gems/2.6.0/gems/thor-0.20.3/lib/thor/invocation.rb:126:in `invoke_command'
E, [2019-09-25T10:44:36.178892 #29099] ERROR -- Kitchen: /opt/chefdk/embedded/lib/ruby/gems/2.6.0/gems/thor-0.20.3/lib/thor.rb:387:in `dispatch'
E, [2019-09-25T10:44:36.178917 #29099] ERROR -- Kitchen: /opt/chefdk/embedded/lib/ruby/gems/2.6.0/gems/thor-0.20.3/lib/thor/base.rb:466:in `start'
E, [2019-09-25T10:44:36.178941 #29099] ERROR -- Kitchen: /opt/chefdk/embedded/lib/ruby/gems/2.6.0/gems/test-kitchen-2.2.5/bin/kitchen:13:in `block in <top (required)>'
E, [2019-09-25T10:44:36.178966 #29099] ERROR -- Kitchen: /opt/chefdk/embedded/lib/ruby/gems/2.6.0/gems/test-kitchen-2.2.5/lib/kitchen/errors.rb:171:in `with_friendly_errors'
E, [2019-09-25T10:44:36.178991 #29099] ERROR -- Kitchen: /opt/chefdk/embedded/lib/ruby/gems/2.6.0/gems/test-kitchen-2.2.5/bin/kitchen:13:in `<top (required)>'
E, [2019-09-25T10:44:36.179016 #29099] ERROR -- Kitchen: /usr/bin/kitchen:347:in `load'
E, [2019-09-25T10:44:36.179039 #29099] ERROR -- Kitchen: /usr/bin/kitchen:347:in `<main>'
E, [2019-09-25T10:44:36.179069 #29099] ERROR -- Kitchen: ----End Backtrace-----
E, [2019-09-25T10:44:36.179092 #29099] ERROR -- Kitchen: -Composite Exception--
E, [2019-09-25T10:44:36.179114 #29099] ERROR -- Kitchen: Class: Kitchen::InstanceFailure
E, [2019-09-25T10:44:36.179135 #29099] ERROR -- Kitchen: Message: Converge failed on instance <test-ubuntu-1804>.  Please see .kitchen/logs/test-ubuntu-1804.log for more details
E, [2019-09-25T10:44:36.179166 #29099] ERROR -- Kitchen: ----------------------
E, [2019-09-25T10:44:36.179191 #29099] ERROR -- Kitchen: ------Backtrace-------
E, [2019-09-25T10:44:36.179213 #29099] ERROR -- Kitchen: /opt/chefdk/embedded/lib/ruby/gems/2.6.0/gems/test-kitchen-2.2.5/lib/kitchen/provisioner/base.rb:95:in `rescue in call'
E, [2019-09-25T10:44:36.179238 #29099] ERROR -- Kitchen: /opt/chefdk/embedded/lib/ruby/gems/2.6.0/gems/test-kitchen-2.2.5/lib/kitchen/provisioner/base.rb:94:in `call'
E, [2019-09-25T10:44:36.179270 #29099] ERROR -- Kitchen: /opt/chefdk/embedded/lib/ruby/gems/2.6.0/gems/test-kitchen-2.2.5/lib/kitchen/instance.rb:409:in `block in converge_action'
E, [2019-09-25T10:44:36.179295 #29099] ERROR -- Kitchen: /opt/chefdk/embedded/lib/ruby/gems/2.6.0/gems/test-kitchen-2.2.5/lib/kitchen/instance.rb:552:in `synchronize_or_call'
E, [2019-09-25T10:44:36.179320 #29099] ERROR -- Kitchen: /opt/chefdk/embedded/lib/ruby/gems/2.6.0/gems/test-kitchen-2.2.5/lib/kitchen/instance.rb:514:in `block in action'
E, [2019-09-25T10:44:36.179346 #29099] ERROR -- Kitchen: /opt/chefdk/embedded/lib/ruby/2.6.0/benchmark.rb:293:in `measure'
E, [2019-09-25T10:44:36.179369 #29099] ERROR -- Kitchen: /opt/chefdk/embedded/lib/ruby/gems/2.6.0/gems/test-kitchen-2.2.5/lib/kitchen/instance.rb:513:in `action'
E, [2019-09-25T10:44:36.179394 #29099] ERROR -- Kitchen: /opt/chefdk/embedded/lib/ruby/gems/2.6.0/gems/test-kitchen-2.2.5/lib/kitchen/instance.rb:404:in `converge_action'
E, [2019-09-25T10:44:36.179417 #29099] ERROR -- Kitchen: /opt/chefdk/embedded/lib/ruby/gems/2.6.0/gems/test-kitchen-2.2.5/lib/kitchen/instance.rb:382:in `block (2 levels) in transition_to'
E, [2019-09-25T10:44:36.179442 #29099] ERROR -- Kitchen: /opt/chefdk/embedded/lib/ruby/gems/2.6.0/gems/test-kitchen-2.2.5/lib/kitchen/lifecycle_hooks.rb:45:in `run_with_hooks'
E, [2019-09-25T10:44:36.179476 #29099] ERROR -- Kitchen: /opt/chefdk/embedded/lib/ruby/gems/2.6.0/gems/test-kitchen-2.2.5/lib/kitchen/instance.rb:381:in `block in transition_to'
E, [2019-09-25T10:44:36.179502 #29099] ERROR -- Kitchen: /opt/chefdk/embedded/lib/ruby/gems/2.6.0/gems/test-kitchen-2.2.5/lib/kitchen/instance.rb:380:in `each'
E, [2019-09-25T10:44:36.179527 #29099] ERROR -- Kitchen: /opt/chefdk/embedded/lib/ruby/gems/2.6.0/gems/test-kitchen-2.2.5/lib/kitchen/instance.rb:380:in `transition_to'
E, [2019-09-25T10:44:36.179558 #29099] ERROR -- Kitchen: /opt/chefdk/embedded/lib/ruby/gems/2.6.0/gems/test-kitchen-2.2.5/lib/kitchen/instance.rb:162:in `verify'
E, [2019-09-25T10:44:36.179585 #29099] ERROR -- Kitchen: /opt/chefdk/embedded/lib/ruby/gems/2.6.0/gems/test-kitchen-2.2.5/lib/kitchen/instance.rb:191:in `block in test'
E, [2019-09-25T10:44:36.179611 #29099] ERROR -- Kitchen: /opt/chefdk/embedded/lib/ruby/2.6.0/benchmark.rb:293:in `measure'
E, [2019-09-25T10:44:36.179637 #29099] ERROR -- Kitchen: /opt/chefdk/embedded/lib/ruby/gems/2.6.0/gems/test-kitchen-2.2.5/lib/kitchen/instance.rb:187:in `test'
E, [2019-09-25T10:44:36.179662 #29099] ERROR -- Kitchen: /opt/chefdk/embedded/lib/ruby/gems/2.6.0/gems/test-kitchen-2.2.5/lib/kitchen/command.rb:197:in `public_send'
E, [2019-09-25T10:44:36.179693 #29099] ERROR -- Kitchen: /opt/chefdk/embedded/lib/ruby/gems/2.6.0/gems/test-kitchen-2.2.5/lib/kitchen/command.rb:197:in `run_action_in_thread'
E, [2019-09-25T10:44:36.179718 #29099] ERROR -- Kitchen: /opt/chefdk/embedded/lib/ruby/gems/2.6.0/gems/test-kitchen-2.2.5/lib/kitchen/command.rb:169:in `block (2 levels) in run_action'
E, [2019-09-25T10:44:36.179744 #29099] ERROR -- Kitchen: ----End Backtrace-----
E, [2019-09-25T10:44:36.179767 #29099] ERROR -- Kitchen: ---Nested Exception---
E, [2019-09-25T10:44:36.179791 #29099] ERROR -- Kitchen: Class: Kitchen::ActionFailed
E, [2019-09-25T10:44:36.179822 #29099] ERROR -- Kitchen: Message: SSH exited (1) for command: [sh -c '
TEST_KITCHEN="1"; export TEST_KITCHEN
sudo -E /opt/chef/bin/chef-solo --config /tmp/kitchen/solo.rb --log_level auto --force-formatter --no-color --json-attributes /tmp/kitchen/dna.json 
']
E, [2019-09-25T10:44:36.179848 #29099] ERROR -- Kitchen: ----------------------
E, [2019-09-25T10:44:36.179869 #29099] ERROR -- Kitchen: ------Backtrace-------
E, [2019-09-25T10:44:36.179893 #29099] ERROR -- Kitchen: /opt/chefdk/embedded/lib/ruby/gems/2.6.0/gems/test-kitchen-2.2.5/lib/kitchen/provisioner/base.rb:95:in `rescue in call'
E, [2019-09-25T10:44:36.179927 #29099] ERROR -- Kitchen: /opt/chefdk/embedded/lib/ruby/gems/2.6.0/gems/test-kitchen-2.2.5/lib/kitchen/provisioner/base.rb:94:in `call'
E, [2019-09-25T10:44:36.179951 #29099] ERROR -- Kitchen: /opt/chefdk/embedded/lib/ruby/gems/2.6.0/gems/test-kitchen-2.2.5/lib/kitchen/instance.rb:409:in `block in converge_action'
E, [2019-09-25T10:44:36.179975 #29099] ERROR -- Kitchen: /opt/chefdk/embedded/lib/ruby/gems/2.6.0/gems/test-kitchen-2.2.5/lib/kitchen/instance.rb:552:in `synchronize_or_call'
E, [2019-09-25T10:44:36.179999 #29099] ERROR -- Kitchen: /opt/chefdk/embedded/lib/ruby/gems/2.6.0/gems/test-kitchen-2.2.5/lib/kitchen/instance.rb:514:in `block in action'
E, [2019-09-25T10:44:36.180033 #29099] ERROR -- Kitchen: /opt/chefdk/embedded/lib/ruby/2.6.0/benchmark.rb:293:in `measure'
E, [2019-09-25T10:44:36.180056 #29099] ERROR -- Kitchen: /opt/chefdk/embedded/lib/ruby/gems/2.6.0/gems/test-kitchen-2.2.5/lib/kitchen/instance.rb:513:in `action'
E, [2019-09-25T10:44:36.180081 #29099] ERROR -- Kitchen: /opt/chefdk/embedded/lib/ruby/gems/2.6.0/gems/test-kitchen-2.2.5/lib/kitchen/instance.rb:404:in `converge_action'
E, [2019-09-25T10:44:36.180103 #29099] ERROR -- Kitchen: /opt/chefdk/embedded/lib/ruby/gems/2.6.0/gems/test-kitchen-2.2.5/lib/kitchen/instance.rb:382:in `block (2 levels) in transition_to'
E, [2019-09-25T10:44:36.180127 #29099] ERROR -- Kitchen: /opt/chefdk/embedded/lib/ruby/gems/2.6.0/gems/test-kitchen-2.2.5/lib/kitchen/lifecycle_hooks.rb:45:in `run_with_hooks'
E, [2019-09-25T10:44:36.180153 #29099] ERROR -- Kitchen: /opt/chefdk/embedded/lib/ruby/gems/2.6.0/gems/test-kitchen-2.2.5/lib/kitchen/instance.rb:381:in `block in transition_to'
E, [2019-09-25T10:44:36.180176 #29099] ERROR -- Kitchen: /opt/chefdk/embedded/lib/ruby/gems/2.6.0/gems/test-kitchen-2.2.5/lib/kitchen/instance.rb:380:in `each'
E, [2019-09-25T10:44:36.180202 #29099] ERROR -- Kitchen: /opt/chefdk/embedded/lib/ruby/gems/2.6.0/gems/test-kitchen-2.2.5/lib/kitchen/instance.rb:380:in `transition_to'
E, [2019-09-25T10:44:36.180240 #29099] ERROR -- Kitchen: /opt/chefdk/embedded/lib/ruby/gems/2.6.0/gems/test-kitchen-2.2.5/lib/kitchen/instance.rb:162:in `verify'
E, [2019-09-25T10:44:36.180266 #29099] ERROR -- Kitchen: /opt/chefdk/embedded/lib/ruby/gems/2.6.0/gems/test-kitchen-2.2.5/lib/kitchen/instance.rb:191:in `block in test'
E, [2019-09-25T10:44:36.180289 #29099] ERROR -- Kitchen: /opt/chefdk/embedded/lib/ruby/2.6.0/benchmark.rb:293:in `measure'
E, [2019-09-25T10:44:36.180312 #29099] ERROR -- Kitchen: /opt/chefdk/embedded/lib/ruby/gems/2.6.0/gems/test-kitchen-2.2.5/lib/kitchen/instance.rb:187:in `test'
E, [2019-09-25T10:44:36.180337 #29099] ERROR -- Kitchen: /opt/chefdk/embedded/lib/ruby/gems/2.6.0/gems/test-kitchen-2.2.5/lib/kitchen/command.rb:197:in `public_send'
E, [2019-09-25T10:44:36.180362 #29099] ERROR -- Kitchen: /opt/chefdk/embedded/lib/ruby/gems/2.6.0/gems/test-kitchen-2.2.5/lib/kitchen/command.rb:197:in `run_action_in_thread'
E, [2019-09-25T10:44:36.180386 #29099] ERROR -- Kitchen: /opt/chefdk/embedded/lib/ruby/gems/2.6.0/gems/test-kitchen-2.2.5/lib/kitchen/command.rb:169:in `block (2 levels) in run_action'
E, [2019-09-25T10:44:36.180411 #29099] ERROR -- Kitchen: ----End Backtrace-----
E, [2019-09-25T10:44:36.180440 #29099] ERROR -- Kitchen: -Composite Exception--
E, [2019-09-25T10:44:36.180464 #29099] ERROR -- Kitchen: Class: Kitchen::InstanceFailure
E, [2019-09-25T10:44:36.180487 #29099] ERROR -- Kitchen: Message: Converge failed on instance <test-vagrant-1804>.  Please see .kitchen/logs/test-vagrant-1804.log for more details
E, [2019-09-25T10:44:36.180511 #29099] ERROR -- Kitchen: ----------------------
E, [2019-09-25T10:44:36.180534 #29099] ERROR -- Kitchen: ------Backtrace-------
E, [2019-09-25T10:44:36.180556 #29099] ERROR -- Kitchen: /opt/chefdk/embedded/lib/ruby/gems/2.6.0/gems/test-kitchen-2.2.5/lib/kitchen/provisioner/base.rb:95:in `rescue in call'
E, [2019-09-25T10:44:36.180583 #29099] ERROR -- Kitchen: /opt/chefdk/embedded/lib/ruby/gems/2.6.0/gems/test-kitchen-2.2.5/lib/kitchen/provisioner/base.rb:94:in `call'
E, [2019-09-25T10:44:36.180610 #29099] ERROR -- Kitchen: /opt/chefdk/embedded/lib/ruby/gems/2.6.0/gems/test-kitchen-2.2.5/lib/kitchen/instance.rb:409:in `block in converge_action'
E, [2019-09-25T10:44:36.180640 #29099] ERROR -- Kitchen: /opt/chefdk/embedded/lib/ruby/gems/2.6.0/gems/test-kitchen-2.2.5/lib/kitchen/instance.rb:552:in `synchronize_or_call'
E, [2019-09-25T10:44:36.180665 #29099] ERROR -- Kitchen: /opt/chefdk/embedded/lib/ruby/gems/2.6.0/gems/test-kitchen-2.2.5/lib/kitchen/instance.rb:514:in `block in action'
E, [2019-09-25T10:44:36.180690 #29099] ERROR -- Kitchen: /opt/chefdk/embedded/lib/ruby/2.6.0/benchmark.rb:293:in `measure'
E, [2019-09-25T10:44:36.180717 #29099] ERROR -- Kitchen: /opt/chefdk/embedded/lib/ruby/gems/2.6.0/gems/test-kitchen-2.2.5/lib/kitchen/instance.rb:513:in `action'
E, [2019-09-25T10:44:36.180742 #29099] ERROR -- Kitchen: /opt/chefdk/embedded/lib/ruby/gems/2.6.0/gems/test-kitchen-2.2.5/lib/kitchen/instance.rb:404:in `converge_action'
E, [2019-09-25T10:44:36.180769 #29099] ERROR -- Kitchen: /opt/chefdk/embedded/lib/ruby/gems/2.6.0/gems/test-kitchen-2.2.5/lib/kitchen/instance.rb:382:in `block (2 levels) in transition_to'
E, [2019-09-25T10:44:36.180796 #29099] ERROR -- Kitchen: /opt/chefdk/embedded/lib/ruby/gems/2.6.0/gems/test-kitchen-2.2.5/lib/kitchen/lifecycle_hooks.rb:45:in `run_with_hooks'
E, [2019-09-25T10:44:36.180821 #29099] ERROR -- Kitchen: /opt/chefdk/embedded/lib/ruby/gems/2.6.0/gems/test-kitchen-2.2.5/lib/kitchen/instance.rb:381:in `block in transition_to'
E, [2019-09-25T10:44:36.180853 #29099] ERROR -- Kitchen: /opt/chefdk/embedded/lib/ruby/gems/2.6.0/gems/test-kitchen-2.2.5/lib/kitchen/instance.rb:380:in `each'
E, [2019-09-25T10:44:36.180878 #29099] ERROR -- Kitchen: /opt/chefdk/embedded/lib/ruby/gems/2.6.0/gems/test-kitchen-2.2.5/lib/kitchen/instance.rb:380:in `transition_to'
E, [2019-09-25T10:44:36.180902 #29099] ERROR -- Kitchen: /opt/chefdk/embedded/lib/ruby/gems/2.6.0/gems/test-kitchen-2.2.5/lib/kitchen/instance.rb:162:in `verify'
E, [2019-09-25T10:44:36.181334 #29099] ERROR -- Kitchen: /opt/chefdk/embedded/lib/ruby/gems/2.6.0/gems/test-kitchen-2.2.5/lib/kitchen/instance.rb:191:in `block in test'
E, [2019-09-25T10:44:36.181376 #29099] ERROR -- Kitchen: /opt/chefdk/embedded/lib/ruby/2.6.0/benchmark.rb:293:in `measure'
E, [2019-09-25T10:44:36.181401 #29099] ERROR -- Kitchen: /opt/chefdk/embedded/lib/ruby/gems/2.6.0/gems/test-kitchen-2.2.5/lib/kitchen/instance.rb:187:in `test'
E, [2019-09-25T10:44:36.181426 #29099] ERROR -- Kitchen: /opt/chefdk/embedded/lib/ruby/gems/2.6.0/gems/test-kitchen-2.2.5/lib/kitchen/command.rb:197:in `public_send'
E, [2019-09-25T10:44:36.181450 #29099] ERROR -- Kitchen: /opt/chefdk/embedded/lib/ruby/gems/2.6.0/gems/test-kitchen-2.2.5/lib/kitchen/command.rb:197:in `run_action_in_thread'
E, [2019-09-25T10:44:36.181483 #29099] ERROR -- Kitchen: /opt/chefdk/embedded/lib/ruby/gems/2.6.0/gems/test-kitchen-2.2.5/lib/kitchen/command.rb:169:in `block (2 levels) in run_action'
E, [2019-09-25T10:44:36.181509 #29099] ERROR -- Kitchen: ----End Backtrace-----
E, [2019-09-25T10:44:36.181530 #29099] ERROR -- Kitchen: ---Nested Exception---
E, [2019-09-25T10:44:36.181554 #29099] ERROR -- Kitchen: Class: Kitchen::ActionFailed
E, [2019-09-25T10:44:36.181582 #29099] ERROR -- Kitchen: Message: SSH exited (1) for command: [sh -c '
TEST_KITCHEN="1"; export TEST_KITCHEN
sudo -E /opt/chef/bin/chef-solo --config /tmp/kitchen/solo.rb --log_level auto --force-formatter --no-color --json-attributes /tmp/kitchen/dna.json 
']
E, [2019-09-25T10:44:36.181605 #29099] ERROR -- Kitchen: ----------------------
E, [2019-09-25T10:44:36.181627 #29099] ERROR -- Kitchen: ------Backtrace-------
E, [2019-09-25T10:44:36.181649 #29099] ERROR -- Kitchen: /opt/chefdk/embedded/lib/ruby/gems/2.6.0/gems/test-kitchen-2.2.5/lib/kitchen/provisioner/base.rb:95:in `rescue in call'
E, [2019-09-25T10:44:36.181679 #29099] ERROR -- Kitchen: /opt/chefdk/embedded/lib/ruby/gems/2.6.0/gems/test-kitchen-2.2.5/lib/kitchen/provisioner/base.rb:94:in `call'
E, [2019-09-25T10:44:36.181703 #29099] ERROR -- Kitchen: /opt/chefdk/embedded/lib/ruby/gems/2.6.0/gems/test-kitchen-2.2.5/lib/kitchen/instance.rb:409:in `block in converge_action'
E, [2019-09-25T10:44:36.181726 #29099] ERROR -- Kitchen: /opt/chefdk/embedded/lib/ruby/gems/2.6.0/gems/test-kitchen-2.2.5/lib/kitchen/instance.rb:552:in `synchronize_or_call'
E, [2019-09-25T10:44:36.181750 #29099] ERROR -- Kitchen: /opt/chefdk/embedded/lib/ruby/gems/2.6.0/gems/test-kitchen-2.2.5/lib/kitchen/instance.rb:514:in `block in action'
E, [2019-09-25T10:44:36.181776 #29099] ERROR -- Kitchen: /opt/chefdk/embedded/lib/ruby/2.6.0/benchmark.rb:293:in `measure'
E, [2019-09-25T10:44:36.181801 #29099] ERROR -- Kitchen: /opt/chefdk/embedded/lib/ruby/gems/2.6.0/gems/test-kitchen-2.2.5/lib/kitchen/instance.rb:513:in `action'
E, [2019-09-25T10:44:36.181823 #29099] ERROR -- Kitchen: /opt/chefdk/embedded/lib/ruby/gems/2.6.0/gems/test-kitchen-2.2.5/lib/kitchen/instance.rb:404:in `converge_action'
E, [2019-09-25T10:44:36.181847 #29099] ERROR -- Kitchen: /opt/chefdk/embedded/lib/ruby/gems/2.6.0/gems/test-kitchen-2.2.5/lib/kitchen/instance.rb:382:in `block (2 levels) in transition_to'
E, [2019-09-25T10:44:36.181875 #29099] ERROR -- Kitchen: /opt/chefdk/embedded/lib/ruby/gems/2.6.0/gems/test-kitchen-2.2.5/lib/kitchen/lifecycle_hooks.rb:45:in `run_with_hooks'
E, [2019-09-25T10:44:36.181900 #29099] ERROR -- Kitchen: /opt/chefdk/embedded/lib/ruby/gems/2.6.0/gems/test-kitchen-2.2.5/lib/kitchen/instance.rb:381:in `block in transition_to'
E, [2019-09-25T10:44:36.181924 #29099] ERROR -- Kitchen: /opt/chefdk/embedded/lib/ruby/gems/2.6.0/gems/test-kitchen-2.2.5/lib/kitchen/instance.rb:380:in `each'
E, [2019-09-25T10:44:36.181947 #29099] ERROR -- Kitchen: /opt/chefdk/embedded/lib/ruby/gems/2.6.0/gems/test-kitchen-2.2.5/lib/kitchen/instance.rb:380:in `transition_to'
E, [2019-09-25T10:44:36.181971 #29099] ERROR -- Kitchen: /opt/chefdk/embedded/lib/ruby/gems/2.6.0/gems/test-kitchen-2.2.5/lib/kitchen/instance.rb:162:in `verify'
E, [2019-09-25T10:44:36.181998 #29099] ERROR -- Kitchen: /opt/chefdk/embedded/lib/ruby/gems/2.6.0/gems/test-kitchen-2.2.5/lib/kitchen/instance.rb:191:in `block in test'
E, [2019-09-25T10:44:36.182020 #29099] ERROR -- Kitchen: /opt/chefdk/embedded/lib/ruby/2.6.0/benchmark.rb:293:in `measure'
E, [2019-09-25T10:44:36.182043 #29099] ERROR -- Kitchen: /opt/chefdk/embedded/lib/ruby/gems/2.6.0/gems/test-kitchen-2.2.5/lib/kitchen/instance.rb:187:in `test'
E, [2019-09-25T10:44:36.182069 #29099] ERROR -- Kitchen: /opt/chefdk/embedded/lib/ruby/gems/2.6.0/gems/test-kitchen-2.2.5/lib/kitchen/command.rb:197:in `public_send'
E, [2019-09-25T10:44:36.182092 #29099] ERROR -- Kitchen: /opt/chefdk/embedded/lib/ruby/gems/2.6.0/gems/test-kitchen-2.2.5/lib/kitchen/command.rb:197:in `run_action_in_thread'
E, [2019-09-25T10:44:36.182114 #29099] ERROR -- Kitchen: /opt/chefdk/embedded/lib/ruby/gems/2.6.0/gems/test-kitchen-2.2.5/lib/kitchen/command.rb:169:in `block (2 levels) in run_action'
E, [2019-09-25T10:44:36.182138 #29099] ERROR -- Kitchen: ----End Backtrace-----
